[0428/180551.518:ERROR:process_reader_win.cc(151)] SuspendThread: Отказано в доступе. (0x5)
[0428/180551.533:ERROR:process_reader_win.cc(151)] SuspendThread: Отказано в доступе. (0x5)
[0428/180551.533:ERROR:process_reader_win.cc(151)] SuspendThread: Отказано в доступе. (0x5)
[0428/180551.533:ERROR:process_reader_win.cc(151)] SuspendThread: Отказано в доступе. (0x5)
[0428/180551.533:ERROR:process_reader_win.cc(151)] SuspendThread: Отказано в доступе. (0x5)
[0428/180551.533:ERROR:process_reader_win.cc(151)] SuspendThread: Отказано в доступе. (0x5)
[0428/180551.533:ERROR:process_reader_win.cc(151)] SuspendThread: Отказано в доступе. (0x5)
[0428/180551.533:ERROR:process_reader_win.cc(151)] SuspendThread: Отказано в доступе. (0x5)
[0428/180551.533:ERROR:process_reader_win.cc(151)] SuspendThread: Отказано в доступе. (0x5)
[0428/180551.533:ERROR:process_reader_win.cc(151)] SuspendThread: Отказано в доступе. (0x5)
[0428/180551.533:ERROR:process_reader_win.cc(151)] SuspendThread: Отказано в доступе. (0x5)
[0428/180551.533:ERROR:process_reader_win.cc(151)] SuspendThread: Отказано в доступе. (0x5)
[0428/180551.533:ERROR:process_reader_win.cc(123)] NtOpenThread: {Отказано в доступе} Процесс запросил доступ к объекту, но права на доступ не предоставлены. (0xc0000022)
[0428/180551.533:ERROR:exception_snapshot_win.cc(98)] thread ID 5944 not found in process
[0428/180551.549:ERROR:process_reader_win.cc(151)] SuspendThread: Отказано в доступе. (0x5)
[0428/180551.549:ERROR:process_reader_win.cc(151)] SuspendThread: Отказано в доступе. (0x5)
[0428/180551.549:ERROR:process_reader_win.cc(151)] SuspendThread: Отказано в доступе. (0x5)
[0428/180551.549:ERROR:process_reader_win.cc(151)] SuspendThread: Отказано в доступе. (0x5)
[0428/180551.549:ERROR:process_reader_win.cc(151)] SuspendThread: Отказано в доступе. (0x5)
[0428/180551.549:ERROR:process_reader_win.cc(151)] SuspendThread: Отказано в доступе. (0x5)
[0428/180551.549:ERROR:process_reader_win.cc(151)] SuspendThread: Отказано в доступе. (0x5)
[0428/180551.549:ERROR:process_reader_win.cc(151)] SuspendThread: Отказано в доступе. (0x5)
[0428/180551.549:ERROR:process_reader_win.cc(151)] SuspendThread: Отказано в доступе. (0x5)
[0428/180551.549:ERROR:process_reader_win.cc(151)] SuspendThread: Отказано в доступе. (0x5)
[0428/180551.549:ERROR:process_reader_win.cc(123)] NtOpenThread: {Отказано в доступе} Процесс запросил доступ к объекту, но права на доступ не предоставлены. (0xc0000022)
[0428/180551.549:ERROR:exception_snapshot_win.cc(98)] thread ID 8560 not found in process
[0517/030224.822:ERROR:process_memory_win.cc(73)] ReadMemory at 0x1abbdf94000 of 72 bytes failed: Запрос ReadProcessMemory или WriteProcessMemory был выполнен только частично. (0x12B)
[0517/030224.822:WARNING:pe_image_annotations_reader.cc(134)] could not read annotations list object in C:\Program Files (x86)\Google\Chrome\Application\81.0.4044.138\chrome_elf.dll
[0517/030224.822:ERROR:process_memory_win.cc(73)] ReadMemory at 0x1abbe2e8c80 of 72 bytes failed: Запрос ReadProcessMemory или WriteProcessMemory был выполнен только частично. (0x12B)
[0517/030224.822:WARNING:pe_image_annotations_reader.cc(134)] could not read annotations list object in C:\Program Files (x86)\Google\Chrome\Application\81.0.4044.138\chrome.dll
[0517/030224.822:ERROR:process_memory_win.cc(73)] ReadMemory at 0x1abbdf94000 of 72 bytes failed: Запрос ReadProcessMemory или WriteProcessMemory был выполнен только частично. (0x12B)
[0517/030224.822:WARNING:pe_image_annotations_reader.cc(134)] could not read annotations list object in C:\Program Files (x86)\Google\Chrome\Application\81.0.4044.138\chrome_elf.dll
[0517/030224.838:ERROR:process_memory_win.cc(73)] ReadMemory at 0x1abbe2e8c80 of 72 bytes failed: Запрос ReadProcessMemory или WriteProcessMemory был выполнен только частично. (0x12B)
[0517/030224.838:WARNING:pe_image_annotations_reader.cc(134)] could not read annotations list object in C:\Program Files (x86)\Google\Chrome\Application\81.0.4044.138\chrome.dll
[0517/030224.838:ERROR:process_memory_win.cc(73)] ReadMemory at 0x1abbdf94000 of 72 bytes failed: Запрос ReadProcessMemory или WriteProcessMemory был выполнен только частично. (0x12B)
[0517/030224.838:WARNING:pe_image_annotations_reader.cc(134)] could not read annotations list object in C:\Program Files (x86)\Google\Chrome\Application\81.0.4044.138\chrome_elf.dll
[0517/030224.838:ERROR:process_memory_win.cc(73)] ReadMemory at 0x7ff9bba70000 of 64 bytes failed: Запрос ReadProcessMemory или WriteProcessMemory был выполнен только частично. (0x12B)
[0517/030224.838:WARNING:pe_image_reader.cc(340)] could not read dos header from C:\Program Files (x86)\Google\Chrome\Application\81.0.4044.138\chrome.dll
[0517/030224.853:ERROR:process_memory_win.cc(73)] ReadMemory at 0x7256be9000 of 94208 bytes failed: Запрос ReadProcessMemory или WriteProcessMemory был выполнен только частично. (0x12B)
[0517/030224.853:ERROR:process_memory_win.cc(73)] ReadMemory at 0x72573fd000 of 12288 bytes failed: Запрос ReadProcessMemory или WriteProcessMemory был выполнен только частично. (0x12B)
[0517/030224.853:ERROR:process_memory_win.cc(73)] ReadMemory at 0x7257bfc000 of 16384 bytes failed: Запрос ReadProcessMemory или WriteProcessMemory был выполнен только частично. (0x12B)
[0517/030224.853:ERROR:process_memory_win.cc(73)] ReadMemory at 0x72583fd000 of 12288 bytes failed: Запрос ReadProcessMemory или WriteProcessMemory был выполнен только частично. (0x12B)
[0517/030224.853:ERROR:process_memory_win.cc(73)] ReadMemory at 0x7258bfc000 of 16384 bytes failed: Запрос ReadProcessMemory или WriteProcessMemory был выполнен только частично. (0x12B)
[0517/030224.853:ERROR:process_memory_win.cc(73)] ReadMemory at 0x72593fe000 of 8192 bytes failed: Запрос ReadProcessMemory или WriteProcessMemory был выполнен только частично. (0x12B)
[0517/030224.853:ERROR:process_memory_win.cc(73)] ReadMemory at 0x7259bfd000 of 12288 bytes failed: Запрос ReadProcessMemory или WriteProcessMemory был выполнен только частично. (0x12B)
[0517/030224.853:ERROR:process_memory_win.cc(73)] ReadMemory at 0x725a3fb000 of 20480 bytes failed: Запрос ReadProcessMemory или WriteProcessMemory был выполнен только частично. (0x12B)
[0517/030224.853:ERROR:process_memory_win.cc(73)] ReadMemory at 0x725b3fd000 of 12288 bytes failed: Запрос ReadProcessMemory или WriteProcessMemory был выполнен только частично. (0x12B)
[0517/030224.853:ERROR:process_memory_win.cc(73)] ReadMemory at 0x725bbfb000 of 20480 bytes failed: Запрос ReadProcessMemory или WriteProcessMemory был выполнен только частично. (0x12B)
[0517/030224.853:ERROR:process_memory_win.cc(73)] ReadMemory at 0x725c3fa000 of 24576 bytes failed: Запрос ReadProcessMemory или WriteProcessMemory был выполнен только частично. (0x12B)
[0517/030224.853:ERROR:process_memory_win.cc(73)] ReadMemory at 0x725cbfc000 of 16384 bytes failed: Запрос ReadProcessMemory или WriteProcessMemory был выполнен только частично. (0x12B)
[0517/030224.853:ERROR:process_memory_win.cc(73)] ReadMemory at 0x725d3fc000 of 16384 bytes failed: Запрос ReadProcessMemory или WriteProcessMemory был выполнен только частично. (0x12B)
[0517/030224.853:ERROR:process_memory_win.cc(73)] ReadMemory at 0x725dbfc000 of 16384 bytes failed: Запрос ReadProcessMemory или WriteProcessMemory был выполнен только частично. (0x12B)
[0517/030224.853:ERROR:process_memory_win.cc(73)] ReadMemory at 0x725abf7000 of 36864 bytes failed: Запрос ReadProcessMemory или WriteProcessMemory был выполнен только частично. (0x12B)
[0517/030224.853:ERROR:process_memory_win.cc(73)] ReadMemory at 0x725e3f7000 of 36864 bytes failed: Запрос ReadProcessMemory или WriteProcessMemory был выполнен только частично. (0x12B)
[0517/030224.853:ERROR:process_memory_win.cc(73)] ReadMemory at 0x725635b000 of 852 bytes failed: Запрос ReadProcessMemory или WriteProcessMemory был выполнен только частично. (0x12B)
[0517/030224.853:ERROR:process_memory_win.cc(73)] ReadMemory at 0x725635c000 of 6024 bytes failed: Запрос ReadProcessMemory или WriteProcessMemory был выполнен только частично. (0x12B)
[0517/030224.853:ERROR:process_memory_win.cc(73)] ReadMemory at 0x725635e000 of 6024 bytes failed: Запрос ReadProcessMemory или WriteProcessMemory был выполнен только частично. (0x12B)
[0517/030224.853:ERROR:process_memory_win.cc(73)] ReadMemory at 0x7256360000 of 6024 bytes failed: Запрос ReadProcessMemory или WriteProcessMemory был выполнен только частично. (0x12B)
[0517/030224.853:ERROR:process_memory_win.cc(73)] ReadMemory at 0x7256362000 of 6024 bytes failed: Запрос ReadProcessMemory или WriteProcessMemory был выполнен только частично. (0x12B)
[0517/030224.853:ERROR:process_memory_win.cc(73)] ReadMemory at 0x7256364000 of 6024 bytes failed: Запрос ReadProcessMemory или WriteProcessMemory был выполнен только частично. (0x12B)
[0517/030224.853:ERROR:process_memory_win.cc(73)] ReadMemory at 0x7256366000 of 6024 bytes failed: Запрос ReadProcessMemory или WriteProcessMemory был выполнен только частично. (0x12B)
[0517/030224.853:ERROR:process_memory_win.cc(73)] ReadMemory at 0x7256368000 of 6024 bytes failed: Запрос ReadProcessMemory или WriteProcessMemory был выполнен только частично. (0x12B)
[0517/030224.853:ERROR:process_memory_win.cc(73)] ReadMemory at 0x725636a000 of 6024 bytes failed: Запрос ReadProcessMemory или WriteProcessMemory был выполнен только частично. (0x12B)
[0517/030224.853:ERROR:process_memory_win.cc(73)] ReadMemory at 0x725636e000 of 6024 bytes failed: Запрос ReadProcessMemory или WriteProcessMemory был выполнен только частично. (0x12B)
[0517/030224.853:ERROR:process_memory_win.cc(73)] ReadMemory at 0x7256370000 of 6024 bytes failed: Запрос ReadProcessMemory или WriteProcessMemory был выполнен только частично. (0x12B)
[0517/030224.853:ERROR:process_memory_win.cc(73)] ReadMemory at 0x7256372000 of 6024 bytes failed: Запрос ReadProcessMemory или WriteProcessMemory был выполнен только частично. (0x12B)
[0517/030224.853:ERROR:process_memory_win.cc(73)] ReadMemory at 0x7256374000 of 6024 bytes failed: Запрос ReadProcessMemory или WriteProcessMemory был выполнен только частично. (0x12B)
[0517/030224.853:ERROR:process_memory_win.cc(73)] ReadMemory at 0x7256376000 of 6024 bytes failed: Запрос ReadProcessMemory или WriteProcessMemory был выполнен только частично. (0x12B)
[0517/030224.853:ERROR:process_memory_win.cc(73)] ReadMemory at 0x7256378000 of 6024 bytes failed: Запрос ReadProcessMemory или WriteProcessMemory был выполнен только частично. (0x12B)
[0517/030224.853:ERROR:process_memory_win.cc(73)] ReadMemory at 0x725637a000 of 6024 bytes failed: Запрос ReadProcessMemory или WriteProcessMemory был выполнен только частично. (0x12B)
[0517/030224.853:ERROR:process_memory_win.cc(73)] ReadMemory at 0x725637c000 of 6024 bytes failed: Запрос ReadProcessMemory или WriteProcessMemory был выполнен только частично. (0x12B)
[0517/030224.853:ERROR:process_memory_win.cc(73)] ReadMemory at 0x1abbdb90fe0 of 17454 bytes failed: Запрос ReadProcessMemory или WriteProcessMemory был выполнен только частично. (0x12B)
[0517/030224.853:ERROR:process_memory_win.cc(73)] ReadMemory at 0x1abbdb95420 of 1012 bytes failed: Запрос ReadProcessMemory или WriteProcessMemory был выполнен только частично. (0x12B)
[0517/030224.853:ERROR:process_memory_win.cc(73)] ReadMemory at 0x1abbdb95a68 of 118 bytes failed: Запрос ReadProcessMemory или WriteProcessMemory был выполнен только частично. (0x12B)
[0517/030224.853:ERROR:process_memory_win.cc(73)] ReadMemory at 0x1abbdb95ae0 of 906 bytes failed: Запрос ReadProcessMemory или WriteProcessMemory был выполнен только частично. (0x12B)
[0517/030224.853:ERROR:process_memory_win.cc(73)] ReadMemory at 0x1abbdb95e6c of 118 bytes failed: Запрос ReadProcessMemory или WriteProcessMemory был выполнен только частично. (0x12B)
[0517/030224.853:ERROR:process_memory_win.cc(73)] ReadMemory at 0x1abbdb95ee4 of 98 bytes failed: Запрос ReadProcessMemory или WriteProcessMemory был выполнен только частично. (0x12B)
[0517/030224.853:ERROR:process_memory_win.cc(73)] ReadMemory at 0x1abbdb95f60 of 58 bytes failed: Запрос ReadProcessMemory или WriteProcessMemory был выполнен только частично. (0x12B)
[0517/030224.853:ERROR:process_memory_win.cc(73)] ReadMemory at 0x1abbdb96060 of 132 bytes failed: Запрос ReadProcessMemory или WriteProcessMemory был выполнен только частично. (0x12B)
[0517/030224.853:ERROR:process_memory_win.cc(73)] ReadMemory at 0x1abbdb961f0 of 132 bytes failed: Запрос ReadProcessMemory или WriteProcessMemory был выполнен только частично. (0x12B)
[0517/030224.853:ERROR:process_memory_win.cc(73)] ReadMemory at 0x1abbdb963b0 of 126 bytes failed: Запрос ReadProcessMemory или WriteProcessMemory был выполнен только частично. (0x12B)
[0517/030224.853:ERROR:process_memory_win.cc(73)] ReadMemory at 0x1abbdb96790 of 132 bytes failed: Запрос ReadProcessMemory или WriteProcessMemory был выполнен только частично. (0x12B)
[0517/030224.853:ERROR:process_memory_win.cc(73)] ReadMemory at 0x1abbdb96920 of 64 bytes failed: Запрос ReadProcessMemory или WriteProcessMemory был выполнен только частично. (0x12B)
[0517/030224.853:ERROR:process_memory_win.cc(73)] ReadMemory at 0x1abbdb96970 of 132 bytes failed: Запрос ReadProcessMemory или WriteProcessMemory был выполнен только частично. (0x12B)
[0517/030224.853:ERROR:process_memory_win.cc(73)] ReadMemory at 0x1abbdb96ae0 of 132 bytes failed: Запрос ReadProcessMemory или WriteProcessMemory был выполнен только частично. (0x12B)
[0517/030224.853:ERROR:process_memory_win.cc(73)] ReadMemory at 0x1abbdb96d80 of 132 bytes failed: Запрос ReadProcessMemory или WriteProcessMemory был выполнен только частично. (0x12B)
[0517/030224.853:ERROR:process_memory_win.cc(73)] ReadMemory at 0x1abbdb96f10 of 68 bytes failed: Запрос ReadProcessMemory или WriteProcessMemory был выполнен только частично. (0x12B)
[0517/030224.869:ERROR:process_memory_win.cc(73)] ReadMemory at 0x1abbdb9b810 of 132 bytes failed: Запрос ReadProcessMemory или WriteProcessMemory был выполнен только частично. (0x12B)
[0517/030224.869:ERROR:process_memory_win.cc(73)] ReadMemory at 0x1abbdb9b9a0 of 154 bytes failed: Запрос ReadProcessMemory или WriteProcessMemory был выполнен только частично. (0x12B)
[0517/030224.869:ERROR:process_memory_win.cc(73)] ReadMemory at 0x1abbdb9c750 of 132 bytes failed: Запрос ReadProcessMemory или WriteProcessMemory был выполнен только частично. (0x12B)
[0517/030224.869:ERROR:process_memory_win.cc(73)] ReadMemory at 0x1abbdb9c880 of 62 bytes failed: Запрос ReadProcessMemory или WriteProcessMemory был выполнен только частично. (0x12B)
[0517/030224.869:ERROR:process_memory_win.cc(73)] ReadMemory at 0x1abbdb9c8d0 of 146 bytes failed: Запрос ReadProcessMemory или WriteProcessMemory был выполнен только частично. (0x12B)
[0517/030224.869:ERROR:process_memory_win.cc(73)] ReadMemory at 0x1abbdb9c9b0 of 132 bytes failed: Запрос ReadProcessMemory или WriteProcessMemory был выполнен только частично. (0x12B)
[0517/030224.869:ERROR:process_memory_win.cc(73)] ReadMemory at 0x1abbdb9cb40 of 60 bytes failed: Запрос ReadProcessMemory или WriteProcessMemory был выполнен только частично. (0x12B)
[0517/030224.869:ERROR:process_memory_win.cc(73)] ReadMemory at 0x1abbdb9e310 of 132 bytes failed: Запрос ReadProcessMemory или WriteProcessMemory был выполнен только частично. (0x12B)
[0517/030224.869:ERROR:process_memory_win.cc(73)] ReadMemory at 0x1abbdb9e440 of 132 bytes failed: Запрос ReadProcessMemory или WriteProcessMemory был выполнен только частично. (0x12B)
[0517/030224.869:ERROR:process_memory_win.cc(73)] ReadMemory at 0x1abbdb9e7a0 of 132 bytes failed: Запрос ReadProcessMemory или WriteProcessMemory был выполнен только частично. (0x12B)
[0517/030224.869:ERROR:process_memory_win.cc(73)] ReadMemory at 0x1abbdb9ea00 of 62 bytes failed: Запрос ReadProcessMemory или WriteProcessMemory был выполнен только частично. (0x12B)
[0517/030224.869:ERROR:process_memory_win.cc(73)] ReadMemory at 0x1abbdb9eb40 of 64 bytes failed: Запрос ReadProcessMemory или WriteProcessMemory был выполнен только частично. (0x12B)
[0517/030224.869:ERROR:process_memory_win.cc(73)] ReadMemory at 0x1abbdb9eb90 of 66 bytes failed: Запрос ReadProcessMemory или WriteProcessMemory был выполнен только частично. (0x12B)
[0517/030224.869:ERROR:process_memory_win.cc(73)] ReadMemory at 0x1abbdb9ec30 of 60 bytes failed: Запрос ReadProcessMemory или WriteProcessMemory был выполнен только частично. (0x12B)
[0517/030224.869:ERROR:process_memory_win.cc(73)] ReadMemory at 0x1abbdb9ecd0 of 64 bytes failed: Запрос ReadProcessMemory или WriteProcessMemory был выполнен только частично. (0x12B)
[0517/030224.869:ERROR:process_memory_win.cc(73)] ReadMemory at 0x1abbdb9eeb0 of 62 bytes failed: Запрос ReadProcessMemory или WriteProcessMemory был выполнен только частично. (0x12B)
[0517/030224.869:ERROR:process_memory_win.cc(73)] ReadMemory at 0x1abbdb9ef00 of 64 bytes failed: Запрос ReadProcessMemory или WriteProcessMemory был выполнен только частично. (0x12B)
[0517/030224.869:ERROR:process_memory_win.cc(73)] ReadMemory at 0x1abbdb9efa0 of 64 bytes failed: Запрос ReadProcessMemory или WriteProcessMemory был выполнен только частично. (0x12B)
[0517/030224.869:ERROR:process_memory_win.cc(73)] ReadMemory at 0x1abbdb9f090 of 60 bytes failed: Запрос ReadProcessMemory или WriteProcessMemory был выполнен только частично. (0x12B)
[0517/030224.869:ERROR:process_memory_win.cc(73)] ReadMemory at 0x1abbdb9f200 of 132 bytes failed: Запрос ReadProcessMemory или WriteProcessMemory был выполнен только частично. (0x12B)
[0517/030224.869:ERROR:process_memory_win.cc(73)] ReadMemory at 0x1abbdb9f790 of 132 bytes failed: Запрос ReadProcessMemory или WriteProcessMemory был выполнен только частично. (0x12B)
[0517/030224.869:ERROR:process_memory_win.cc(73)] ReadMemory at 0x1abbdb9f920 of 80 bytes failed: Запрос ReadProcessMemory или WriteProcessMemory был выполнен только частично. (0x12B)
[0517/030224.869:ERROR:process_memory_win.cc(73)] ReadMemory at 0x1abbdb9fa70 of 132 bytes failed: Запрос ReadProcessMemory или WriteProcessMemory был выполнен только частично. (0x12B)
[0517/030224.869:ERROR:process_memory_win.cc(73)] ReadMemory at 0x1abbdb9fba0 of 132 bytes failed: Запрос ReadProcessMemory или WriteProcessMemory был выполнен только частично. (0x12B)
[0517/030224.869:ERROR:process_memory_win.cc(73)] ReadMemory at 0x1abbdba0190 of 132 bytes failed: Запрос ReadProcessMemory или WriteProcessMemory был выполнен только частично. (0x12B)
[0517/030224.869:ERROR:process_memory_win.cc(73)] ReadMemory at 0x1abbdba03f0 of 132 bytes failed: Запрос ReadProcessMemory или WriteProcessMemory был выполнен только частично. (0x12B)
[0517/030224.869:ERROR:process_memory_win.cc(73)] ReadMemory at 0x1abbdba0520 of 132 bytes failed: Запрос ReadProcessMemory или WriteProcessMemory был выполнен только частично. (0x12B)
[0517/030224.869:ERROR:process_memory_win.cc(73)] ReadMemory at 0x1abbdba0650 of 132 bytes failed: Запрос ReadProcessMemory или WriteProcessMemory был выполнен только частично. (0x12B)
[0517/030224.869:ERROR:process_memory_win.cc(73)] ReadMemory at 0x1abbdba0780 of 132 bytes failed: Запрос ReadProcessMemory или WriteProcessMemory был выполнен только частично. (0x12B)
[0517/030224.869:ERROR:process_memory_win.cc(73)] ReadMemory at 0x1abbdba08b0 of 132 bytes failed: Запрос ReadProcessMemory или WriteProcessMemory был выполнен только частично. (0x12B)
[0517/030224.869:ERROR:process_memory_win.cc(73)] ReadMemory at 0x1abbdba09e0 of 132 bytes failed: Запрос ReadProcessMemory или WriteProcessMemory был выполнен только частично. (0x12B)
[0517/030224.869:ERROR:process_memory_win.cc(73)] ReadMemory at 0x1abbdba0b10 of 132 bytes failed: Запрос ReadProcessMemory или WriteProcessMemory был выполнен только частично. (0x12B)
[0517/030224.869:ERROR:process_memory_win.cc(73)] ReadMemory at 0x1abbdba0c40 of 132 bytes failed: Запрос ReadProcessMemory или WriteProcessMemory был выполнен только частично. (0x12B)
[0517/030224.869:ERROR:process_memory_win.cc(73)] ReadMemory at 0x1abbdba1100 of 132 bytes failed: Запрос ReadProcessMemory или WriteProcessMemory был выполнен только частично. (0x12B)
[0517/030224.869:ERROR:process_memory_win.cc(73)] ReadMemory at 0x1abbdba1230 of 132 bytes failed: Запрос ReadProcessMemory или WriteProcessMemory был выполнен только частично. (0x12B)
[0517/030224.869:ERROR:process_memory_win.cc(73)] ReadMemory at 0x1abbdba1360 of 132 bytes failed: Запрос ReadProcessMemory или WriteProcessMemory был выполнен только частично. (0x12B)
[0517/030224.869:ERROR:process_memory_win.cc(73)] ReadMemory at 0x1abbdba15c0 of 132 bytes failed: Запрос ReadProcessMemory или WriteProcessMemory был выполнен только частично. (0x12B)
[0517/030224.869:ERROR:process_memory_win.cc(73)] ReadMemory at 0x1abbdba16f0 of 132 bytes failed: Запрос ReadProcessMemory или WriteProcessMemory был выполнен только частично. (0x12B)
[0517/030224.869:ERROR:process_memory_win.cc(73)] ReadMemory at 0x1abbdba1820 of 132 bytes failed: Запрос ReadProcessMemory или WriteProcessMemory был выполнен только частично. (0x12B)
[0517/030224.869:ERROR:process_memory_win.cc(73)] ReadMemory at 0x1abbdba1d50 of 512 bytes failed: Запрос ReadProcessMemory или WriteProcessMemory был выполнен только частично. (0x12B)
[0517/030224.869:ERROR:process_memory_win.cc(73)] ReadMemory at 0x1abbdba33b0 of 132 bytes failed: Запрос ReadProcessMemory или WriteProcessMemory был выполнен только частично. (0x12B)
[0517/030224.869:ERROR:process_memory_win.cc(73)] ReadMemory at 0x1abbdba3610 of 132 bytes failed: Запрос ReadProcessMemory или WriteProcessMemory был выполнен только частично. (0x12B)
[0517/030224.869:ERROR:process_memory_win.cc(73)] ReadMemory at 0x1abbdba3740 of 132 bytes failed: Запрос ReadProcessMemory или WriteProcessMemory был выполнен только частично. (0x12B)
[0517/030224.869:ERROR:process_memory_win.cc(73)] ReadMemory at 0x1abbdba3870 of 132 bytes failed: Запрос ReadProcessMemory или WriteProcessMemory был выполнен только частично. (0x12B)
[0517/030224.869:ERROR:process_memory_win.cc(73)] ReadMemory at 0x1abbdba39a0 of 132 bytes failed: Запрос ReadProcessMemory или WriteProcessMemory был выполнен только частично. (0x12B)
[0517/030224.869:ERROR:process_memory_win.cc(73)] ReadMemory at 0x1abbdba59e0 of 76 bytes failed: Запрос ReadProcessMemory или WriteProcessMemory был выполнен только частично. (0x12B)
[0517/030224.869:ERROR:process_memory_win.cc(73)] ReadMemory at 0x1abbdba5aa0 of 80 bytes failed: Запрос ReadProcessMemory или WriteProcessMemory был выполнен только частично. (0x12B)
[0517/030224.869:ERROR:process_memory_win.cc(73)] ReadMemory at 0x1abbdba74f0 of 132 bytes failed: Запрос ReadProcessMemory или WriteProcessMemory был выполнен только частично. (0x12B)
[0517/030224.869:ERROR:process_memory_win.cc(73)] ReadMemory at 0x1abbdba7620 of 132 bytes failed: Запрос ReadProcessMemory или WriteProcessMemory был выполнен только частично. (0x12B)
[0517/030224.869:ERROR:process_memory_win.cc(73)] ReadMemory at 0x1abbdba7df0 of 132 bytes failed: Запрос ReadProcessMemory или WriteProcessMemory был выполнен только частично. (0x12B)
[0517/030224.869:ERROR:process_memory_win.cc(73)] ReadMemory at 0x1abbdba88e0 of 54 bytes failed: Запрос ReadProcessMemory или WriteProcessMemory был выполнен только частично. (0x12B)
[0517/030224.869:ERROR:process_memory_win.cc(73)] ReadMemory at 0x1abbdbac020 of 62 bytes failed: Запрос ReadProcessMemory или WriteProcessMemory был выполнен только частично. (0x12B)
[0517/030224.869:ERROR:process_memory_win.cc(73)] ReadMemory at 0x1abbdbac070 of 62 bytes failed: Запрос ReadProcessMemory или WriteProcessMemory был выполнен только частично. (0x12B)
[0517/030224.869:ERROR:process_memory_win.cc(73)] ReadMemory at 0x1abbdbac0c0 of 64 bytes failed: Запрос ReadProcessMemory или WriteProcessMemory был выполнен только частично. (0x12B)
[0517/030224.869:ERROR:process_memory_win.cc(73)] ReadMemory at 0x1abbdbac1b0 of 62 bytes failed: Запрос ReadProcessMemory или WriteProcessMemory был выполнен только частично. (0x12B)
[0517/030224.869:ERROR:process_memory_win.cc(73)] ReadMemory at 0x1abbdbac2a0 of 58 bytes failed: Запрос ReadProcessMemory или WriteProcessMemory был выполнен только частично. (0x12B)
[0517/030224.869:ERROR:process_memory_win.cc(73)] ReadMemory at 0x1abbdbac430 of 62 bytes failed: Запрос ReadProcessMemory или WriteProcessMemory был выполнен только частично. (0x12B)
[0517/030224.869:ERROR:process_memory_win.cc(73)] ReadMemory at 0x1abbdbac570 of 60 bytes failed: Запрос ReadProcessMemory или WriteProcessMemory был выполнен только частично. (0x12B)
[0517/030224.869:ERROR:process_memory_win.cc(73)] ReadMemory at 0x1abbdbac5c0 of 64 bytes failed: Запрос ReadProcessMemory или WriteProcessMemory был выполнен только частично. (0x12B)
[0517/030224.869:ERROR:process_memory_win.cc(73)] ReadMemory at 0x1abbdbac7a0 of 62 bytes failed: Запрос ReadProcessMemory или WriteProcessMemory был выполнен только частично. (0x12B)
[0517/030224.869:ERROR:process_memory_win.cc(73)] ReadMemory at 0x1abbdbac7f0 of 60 bytes failed: Запрос ReadProcessMemory или WriteProcessMemory был выполнен только частично. (0x12B)
[0517/030224.869:ERROR:process_memory_win.cc(73)] ReadMemory at 0x1abbdbaca70 of 66 bytes failed: Запрос ReadProcessMemory или WriteProcessMemory был выполнен только частично. (0x12B)
[0517/030224.869:ERROR:process_memory_win.cc(73)] ReadMemory at 0x1abbdbacb10 of 62 bytes failed: Запрос ReadProcessMemory или WriteProcessMemory был выполнен только частично. (0x12B)
[0517/030224.869:ERROR:process_memory_win.cc(73)] ReadMemory at 0x1abbdbacb60 of 62 bytes failed: Запрос ReadProcessMemory или WriteProcessMemory был выполнен только частично. (0x12B)
[0517/030224.869:ERROR:process_memory_win.cc(73)] ReadMemory at 0x1abbdbacbb0 of 60 bytes failed: Запрос ReadProcessMemory или WriteProcessMemory был выполнен только частично. (0x12B)
[0517/030224.869:ERROR:process_memory_win.cc(73)] ReadMemory at 0x1abbdbacc00 of 64 bytes failed: Запрос ReadProcessMemory или WriteProcessMemory был выполнен только частично. (0x12B)
[0517/030224.869:ERROR:process_memory_win.cc(73)] ReadMemory at 0x1abbdbaccf0 of 62 bytes failed: Запрос ReadProcessMemory или WriteProcessMemory был выполнен только частично. (0x12B)
[0517/030224.869:ERROR:process_memory_win.cc(73)] ReadMemory at 0x1abbdbacd40 of 60 bytes failed: Запрос ReadProcessMemory или WriteProcessMemory был выполнен только частично. (0x12B)
[0517/030224.869:ERROR:process_memory_win.cc(73)] ReadMemory at 0x1abbdbaced0 of 64 bytes failed: Запрос ReadProcessMemory или WriteProcessMemory был выполнен только частично. (0x12B)
[0517/030224.869:ERROR:process_memory_win.cc(73)] ReadMemory at 0x1abbdbc4940 of 512 bytes failed: Запрос ReadProcessMemory или WriteProcessMemory был выполнен только частично. (0x12B)
[0517/030224.869:ERROR:process_memory_win.cc(73)] ReadMemory at 0x1abbdd910c0 of 512 bytes failed: Запрос ReadProcessMemory или WriteProcessMemory был выполнен только частично. (0x12B)
[0517/030224.869:ERROR:process_memory_win.cc(73)] ReadMemory at 0x1abbdd91540 of 512 bytes failed: Запрос ReadProcessMemory или WriteProcessMemory был выполнен только частично. (0x12B)
[0517/030224.869:ERROR:process_memory_win.cc(73)] ReadMemory at 0x1abbe310a50 of 512 bytes failed: Запрос ReadProcessMemory или WriteProcessMemory был выполнен только частично. (0x12B)
[0517/030224.869:ERROR:process_memory_win.cc(73)] ReadMemory at 0x1abbe310cf0 of 512 bytes failed: Запрос ReadProcessMemory или WriteProcessMemory был выполнен только частично. (0x12B)
[0517/030224.869:ERROR:process_memory_win.cc(73)] ReadMemory at 0x1abbe31f530 of 512 bytes failed: Запрос ReadProcessMemory или WriteProcessMemory был выполнен только частично. (0x12B)
[0517/030224.869:ERROR:process_memory_win.cc(73)] ReadMemory at 0x1abbe328d20 of 512 bytes failed: Запрос ReadProcessMemory или WriteProcessMemory был выполнен только частично. (0x12B)
[0517/030224.869:ERROR:process_memory_win.cc(73)] ReadMemory at 0x1abbe34cc10 of 712 bytes failed: Запрос ReadProcessMemory или WriteProcessMemory был выполнен только частично. (0x12B)
[0517/030224.869:ERROR:process_memory_win.cc(73)] ReadMemory at 0x1abbf97ad78 of 512 bytes failed: Запрос ReadProcessMemory или WriteProcessMemory был выполнен только частично. (0x12B)
[0517/030224.869:ERROR:process_memory_win.cc(73)] ReadMemory at 0x1abbf97cc70 of 512 bytes failed: Запрос ReadProcessMemory или WriteProcessMemory был выполнен только частично. (0x12B)
[0517/030224.869:ERROR:process_memory_win.cc(73)] ReadMemory at 0x1abbf9bcba0 of 512 bytes failed: Запрос ReadProcessMemory или WriteProcessMemory был выполнен только частично. (0x12B)
[0517/030224.869:ERROR:process_memory_win.cc(73)] ReadMemory at 0x1abbfd9a160 of 512 bytes failed: Запрос ReadProcessMemory или WriteProcessMemory был выполнен только частично. (0x12B)
[0517/030224.869:ERROR:process_memory_win.cc(73)] ReadMemory at 0x1abbfea62c0 of 512 bytes failed: Запрос ReadProcessMemory или WriteProcessMemory был выполнен только частично. (0x12B)
[0517/030224.869:ERROR:process_memory_win.cc(73)] ReadMemory at 0x1abbff56168 of 512 bytes failed: Запрос ReadProcessMemory или WriteProcessMemory был выполнен только частично. (0x12B)
[0517/030224.869:ERROR:process_memory_win.cc(73)] ReadMemory at 0x1abc0603c80 of 512 bytes failed: Запрос ReadProcessMemory или WriteProcessMemory был выполнен только частично. (0x12B)
[0517/030224.869:ERROR:process_memory_win.cc(73)] ReadMemory at 0x1abc0606380 of 512 bytes failed: Запрос ReadProcessMemory или WriteProcessMemory был выполнен только частично. (0x12B)
[0517/030224.869:ERROR:process_memory_win.cc(73)] ReadMemory at 0x1abc0b72360 of 520 bytes failed: Запрос ReadProcessMemory или WriteProcessMemory был выполнен только частично. (0x12B)
[0517/030224.869:ERROR:process_memory_win.cc(73)] ReadMemory at 0x229500000000 of 384 bytes failed: Запрос ReadProcessMemory или WriteProcessMemory был выполнен только частично. (0x12B)
[0517/030224.869:ERROR:process_memory_win.cc(73)] ReadMemory at 0x22950ab0b9f1 of 512 bytes failed: Запрос ReadProcessMemory или WriteProcessMemory был выполнен только частично. (0x12B)
[0517/030224.869:ERROR:process_memory_win.cc(73)] ReadMemory at 0x7ff9bc923b9d of 512 bytes failed: Запрос ReadProcessMemory или WriteProcessMemory был выполнен только частично. (0x12B)
[0517/030224.869:ERROR:process_memory_win.cc(73)] ReadMemory at 0x7ff9bd5bef6c of 512 bytes failed: Запрос ReadProcessMemory или WriteProcessMemory был выполнен только частично. (0x12B)
[0517/030224.869:ERROR:process_memory_win.cc(73)] ReadMemory at 0x7ff9bd6c42c0 of 512 bytes failed: Запрос ReadProcessMemory или WriteProcessMemory был выполнен только частично. (0x12B)
[0517/030224.869:ERROR:process_memory_win.cc(73)] ReadMemory at 0x7ff9bd6c4b2d of 512 bytes failed: Запрос ReadProcessMemory или WriteProcessMemory был выполнен только частично. (0x12B)
[0517/030224.869:ERROR:process_memory_win.cc(73)] ReadMemory at 0x7ffa15c3a7b9 of 512 bytes failed: Запрос ReadProcessMemory или WriteProcessMemory был выполнен только частично. (0x12B)
[0517/030224.869:ERROR:process_memory_win.cc(73)] ReadMemory at 0x7ffa15e6a710 of 512 bytes failed: Запрос ReadProcessMemory или WriteProcessMemory был выполнен только частично. (0x12B)
[0517/030224.869:ERROR:process_memory_win.cc(73)] ReadMemory at 0x7ffa18afc064 of 672 bytes failed: Запрос ReadProcessMemory или WriteProcessMemory был выполнен только частично. (0x12B)
[0517/030224.869:ERROR:process_memory_win.cc(73)] ReadMemory at 0x7ffa18afc664 of 512 bytes failed: Запрос ReadProcessMemory или WriteProcessMemory был выполнен только частично. (0x12B)
[0517/030224.869:ERROR:process_memory_win.cc(73)] ReadMemory at 0x7ffa18aff914 of 608 bytes failed: Запрос ReadProcessMemory или WriteProcessMemory был выполнен только частично. (0x12B)
[0517/030224.869:ERROR:process_memory_win.cc(73)] ReadMemory at 0x7ffa18b8c418 of 18 bytes failed: Запрос ReadProcessMemory или WriteProcessMemory был выполнен только частично. (0x12B)
[0517/030224.869:ERROR:process_memory_win.cc(73)] ReadMemory at 0x7ffa18bbf4f8 of 40 bytes failed: Запрос ReadProcessMemory или WriteProcessMemory был выполнен только частично. (0x12B)
[0517/030224.869:ERROR:process_memory_win.cc(73)] ReadMemory at 0x7ffa18bbf978 of 48 bytes failed: Запрос ReadProcessMemory или WriteProcessMemory был выполнен только частично. (0x12B)
[0517/030224.869:ERROR:process_memory_win.cc(73)] ReadMemory at 0x7ffa18bc53c0 of 64 bytes failed: Запрос ReadProcessMemory или WriteProcessMemory был выполнен только частично. (0x12B)
[0517/030224.869:ERROR:scoped_process_suspend.cc(40)] NtResumeProcess: Попытка доступа к процессу, выполняющему процедуру завершения. (0xc000010a)
